<?xml version="1.0" encoding="UTF-8"?>
<testsuite name="io.pivotal.cf.cassandra.demo.controllers.PersonControllerTest" tests="2" skipped="0" failures="0" errors="0" timestamp="2015-12-29T16:41:23" hostname="SharathdevanMBP" time="1.286">
  <properties/>
  <testcase name="listTest" classname="io.pivotal.cf.cassandra.demo.controllers.PersonControllerTest" time="1.187"/>
  <testcase name="createTest" classname="io.pivotal.cf.cassandra.demo.controllers.PersonControllerTest" time="0.099"/>
  <system-out><![CDATA[10:41:23.781 [Test worker] DEBUG o.s.core.env.StandardEnvironment - Adding [systemProperties] PropertySource with lowest search precedence
10:41:23.791 [Test worker] DEBUG o.s.core.env.StandardEnvironment - Adding [systemEnvironment] PropertySource with lowest search precedence
10:41:23.791 [Test worker] DEBUG o.s.core.env.StandardEnvironment - Initialized StandardEnvironment with PropertySources [systemProperties,systemEnvironment]
10:41:23.882 [Test worker] INFO  o.s.t.w.s.s.StandaloneMockMvcBuilder$StaticRequestMappingHandlerMapping - Mapped "{[/add],methods=[GET],params=[],headers=[],consumes=[],produces=[],custom=[]}" onto public org.springframework.http.ResponseEntity<io.pivotal.cf.cassandra.demo.models.Person> io.pivotal.cf.cassandra.demo.controllers.PersonController.add(java.lang.String)
10:41:23.883 [Test worker] INFO  o.s.t.w.s.s.StandaloneMockMvcBuilder$StaticRequestMappingHandlerMapping - Mapped "{[/people],methods=[POST],params=[],headers=[],consumes=[],produces=[],custom=[]}" onto public org.springframework.http.ResponseEntity<io.pivotal.cf.cassandra.demo.models.Person> io.pivotal.cf.cassandra.demo.controllers.PersonController.create(io.pivotal.cf.cassandra.demo.models.Person)
10:41:23.883 [Test worker] INFO  o.s.t.w.s.s.StandaloneMockMvcBuilder$StaticRequestMappingHandlerMapping - Mapped "{[/people],methods=[GET],params=[],headers=[],consumes=[],produces=[],custom=[]}" onto public java.lang.Iterable<io.pivotal.cf.cassandra.demo.models.Person> io.pivotal.cf.cassandra.demo.controllers.PersonController.list()
10:41:24.090 [Test worker] DEBUG o.s.w.s.m.m.a.RequestMappingHandlerAdapter - Looking for controller advice: org.springframework.test.web.servlet.setup.StubWebApplicationContext@6a14147
10:41:24.120 [Test worker] DEBUG o.s.t.w.s.TestDispatcherServlet - Initializing servlet ''
10:41:24.127 [Test worker] DEBUG o.s.w.c.s.StandardServletEnvironment - Adding [servletConfigInitParams] PropertySource with lowest search precedence
10:41:24.127 [Test worker] DEBUG o.s.w.c.s.StandardServletEnvironment - Adding [servletContextInitParams] PropertySource with lowest search precedence
10:41:24.129 [Test worker] DEBUG o.s.w.c.s.StandardServletEnvironment - Adding [jndiProperties] PropertySource with lowest search precedence
10:41:24.130 [Test worker] DEBUG o.s.w.c.s.StandardServletEnvironment - Adding [systemProperties] PropertySource with lowest search precedence
10:41:24.130 [Test worker] DEBUG o.s.w.c.s.StandardServletEnvironment - Adding [systemEnvironment] PropertySource with lowest search precedence
10:41:24.130 [Test worker] DEBUG o.s.w.c.s.StandardServletEnvironment - Initialized StandardServletEnvironment with PropertySources [servletConfigInitParams,servletContextInitParams,jndiProperties,systemProperties,systemEnvironment]
10:41:24.130 [Test worker] INFO  o.s.mock.web.MockServletContext - Initializing Spring FrameworkServlet ''
10:41:24.130 [Test worker] INFO  o.s.t.w.s.TestDispatcherServlet - FrameworkServlet '': initialization started
10:41:24.131 [Test worker] DEBUG o.s.t.w.s.TestDispatcherServlet - Unable to locate MultipartResolver with name 'multipartResolver': no multipart request handling provided
10:41:24.132 [Test worker] DEBUG o.s.t.w.s.TestDispatcherServlet - Using LocaleResolver [org.springframework.web.servlet.i18n.AcceptHeaderLocaleResolver@2638c4b4]
10:41:24.132 [Test worker] DEBUG o.s.t.w.s.TestDispatcherServlet - Using ThemeResolver [org.springframework.web.servlet.theme.FixedThemeResolver@63dd529c]
10:41:24.132 [Test worker] DEBUG o.s.t.w.s.TestDispatcherServlet - Using RequestToViewNameTranslator [org.springframework.web.servlet.view.DefaultRequestToViewNameTranslator@34d50312]
10:41:24.132 [Test worker] DEBUG o.s.t.w.s.TestDispatcherServlet - Using FlashMapManager [org.springframework.web.servlet.support.SessionFlashMapManager@6b943ed5]
10:41:24.132 [Test worker] DEBUG o.s.t.w.s.TestDispatcherServlet - Published WebApplicationContext of servlet '' as ServletContext attribute with name [org.springframework.web.servlet.FrameworkServlet.CONTEXT.]
10:41:24.132 [Test worker] INFO  o.s.t.w.s.TestDispatcherServlet - FrameworkServlet '': initialization completed in 2 ms
10:41:24.132 [Test worker] DEBUG o.s.t.w.s.TestDispatcherServlet - Servlet '' configured successfully
10:41:24.239 [Test worker] DEBUG o.s.t.w.s.TestDispatcherServlet - DispatcherServlet with name '' processing GET request for [/people]
10:41:24.241 [Test worker] DEBUG o.s.t.w.s.s.StandaloneMockMvcBuilder$StaticRequestMappingHandlerMapping - Looking up handler method for path /people
10:41:24.243 [Test worker] DEBUG o.s.t.w.s.s.StandaloneMockMvcBuilder$StaticRequestMappingHandlerMapping - Returning handler method [public java.lang.Iterable<io.pivotal.cf.cassandra.demo.models.Person> io.pivotal.cf.cassandra.demo.controllers.PersonController.list()]
10:41:24.244 [Test worker] DEBUG o.s.t.w.s.TestDispatcherServlet - Last-Modified value for [/people] is: -1
10:41:24.297 [Test worker] DEBUG o.s.w.s.m.m.a.RequestResponseBodyMethodProcessor - Written [[Person [id=1234567890, name=Matt, age=35]]] as "application/json;charset=UTF-8" using [org.springframework.http.converter.json.MappingJackson2HttpMessageConverter@760fbd37]
10:41:24.297 [Test worker] DEBUG o.s.t.w.s.TestDispatcherServlet - Null ModelAndView returned to DispatcherServlet with name '': assuming HandlerAdapter completed request handling
10:41:24.297 [Test worker] DEBUG o.s.t.w.s.TestDispatcherServlet - Successfully completed request
10:41:24.674 [Test worker] DEBUG o.s.core.env.StandardEnvironment - Adding [systemProperties] PropertySource with lowest search precedence
10:41:24.674 [Test worker] DEBUG o.s.core.env.StandardEnvironment - Adding [systemEnvironment] PropertySource with lowest search precedence
10:41:24.674 [Test worker] DEBUG o.s.core.env.StandardEnvironment - Initialized StandardEnvironment with PropertySources [systemProperties,systemEnvironment]
10:41:24.675 [Test worker] INFO  o.s.t.w.s.s.StandaloneMockMvcBuilder$StaticRequestMappingHandlerMapping - Mapped "{[/add],methods=[GET],params=[],headers=[],consumes=[],produces=[],custom=[]}" onto public org.springframework.http.ResponseEntity<io.pivotal.cf.cassandra.demo.models.Person> io.pivotal.cf.cassandra.demo.controllers.PersonController.add(java.lang.String)
10:41:24.675 [Test worker] INFO  o.s.t.w.s.s.StandaloneMockMvcBuilder$StaticRequestMappingHandlerMapping - Mapped "{[/people],methods=[POST],params=[],headers=[],consumes=[],produces=[],custom=[]}" onto public org.springframework.http.ResponseEntity<io.pivotal.cf.cassandra.demo.models.Person> io.pivotal.cf.cassandra.demo.controllers.PersonController.create(io.pivotal.cf.cassandra.demo.models.Person)
10:41:24.676 [Test worker] INFO  o.s.t.w.s.s.StandaloneMockMvcBuilder$StaticRequestMappingHandlerMapping - Mapped "{[/people],methods=[GET],params=[],headers=[],consumes=[],produces=[],custom=[]}" onto public java.lang.Iterable<io.pivotal.cf.cassandra.demo.models.Person> io.pivotal.cf.cassandra.demo.controllers.PersonController.list()
10:41:24.681 [Test worker] DEBUG o.s.w.s.m.m.a.RequestMappingHandlerAdapter - Looking for controller advice: org.springframework.test.web.servlet.setup.StubWebApplicationContext@6e1d376
10:41:24.682 [Test worker] DEBUG o.s.t.w.s.TestDispatcherServlet - Initializing servlet ''
10:41:24.682 [Test worker] DEBUG o.s.w.c.s.StandardServletEnvironment - Adding [servletConfigInitParams] PropertySource with lowest search precedence
10:41:24.682 [Test worker] DEBUG o.s.w.c.s.StandardServletEnvironment - Adding [servletContextInitParams] PropertySource with lowest search precedence
10:41:24.682 [Test worker] DEBUG o.s.w.c.s.StandardServletEnvironment - Adding [jndiProperties] PropertySource with lowest search precedence
10:41:24.682 [Test worker] DEBUG o.s.w.c.s.StandardServletEnvironment - Adding [systemProperties] PropertySource with lowest search precedence
10:41:24.682 [Test worker] DEBUG o.s.w.c.s.StandardServletEnvironment - Adding [systemEnvironment] PropertySource with lowest search precedence
10:41:24.683 [Test worker] DEBUG o.s.w.c.s.StandardServletEnvironment - Initialized StandardServletEnvironment with PropertySources [servletConfigInitParams,servletContextInitParams,jndiProperties,systemProperties,systemEnvironment]
10:41:24.683 [Test worker] INFO  o.s.mock.web.MockServletContext - Initializing Spring FrameworkServlet ''
10:41:24.683 [Test worker] INFO  o.s.t.w.s.TestDispatcherServlet - FrameworkServlet '': initialization started
10:41:24.683 [Test worker] DEBUG o.s.t.w.s.TestDispatcherServlet - Unable to locate MultipartResolver with name 'multipartResolver': no multipart request handling provided
10:41:24.683 [Test worker] DEBUG o.s.t.w.s.TestDispatcherServlet - Using LocaleResolver [org.springframework.web.servlet.i18n.AcceptHeaderLocaleResolver@759ef1d6]
10:41:24.683 [Test worker] DEBUG o.s.t.w.s.TestDispatcherServlet - Using ThemeResolver [org.springframework.web.servlet.theme.FixedThemeResolver@1fcbe646]
10:41:24.684 [Test worker] DEBUG o.s.t.w.s.TestDispatcherServlet - Using RequestToViewNameTranslator [org.springframework.web.servlet.view.DefaultRequestToViewNameTranslator@6353fbdc]
10:41:24.685 [Test worker] DEBUG o.s.t.w.s.TestDispatcherServlet - Using FlashMapManager [org.springframework.web.servlet.support.SessionFlashMapManager@7b454a4]
10:41:24.685 [Test worker] DEBUG o.s.t.w.s.TestDispatcherServlet - Published WebApplicationContext of servlet '' as ServletContext attribute with name [org.springframework.web.servlet.FrameworkServlet.CONTEXT.]
10:41:24.685 [Test worker] INFO  o.s.t.w.s.TestDispatcherServlet - FrameworkServlet '': initialization completed in 2 ms
10:41:24.685 [Test worker] DEBUG o.s.t.w.s.TestDispatcherServlet - Servlet '' configured successfully
10:41:24.733 [Test worker] DEBUG o.s.t.w.s.TestDispatcherServlet - DispatcherServlet with name '' processing POST request for [/people]
10:41:24.733 [Test worker] DEBUG o.s.t.w.s.s.StandaloneMockMvcBuilder$StaticRequestMappingHandlerMapping - Looking up handler method for path /people
10:41:24.733 [Test worker] DEBUG o.s.t.w.s.s.StandaloneMockMvcBuilder$StaticRequestMappingHandlerMapping - Returning handler method [public org.springframework.http.ResponseEntity<io.pivotal.cf.cassandra.demo.models.Person> io.pivotal.cf.cassandra.demo.controllers.PersonController.create(io.pivotal.cf.cassandra.demo.models.Person)]
10:41:24.747 [Test worker] DEBUG o.s.w.s.m.m.a.RequestResponseBodyMethodProcessor - Reading [class io.pivotal.cf.cassandra.demo.models.Person] as "application/json" using [org.springframework.http.converter.json.MappingJackson2HttpMessageConverter@7a2b11a8]
10:41:24.761 [Test worker] DEBUG o.s.w.s.m.m.a.HttpEntityMethodProcessor - Written [Person [id=ABCDEFG, name=Joe, age=42]] as "application/json;charset=UTF-8" using [org.springframework.http.converter.json.MappingJackson2HttpMessageConverter@7a2b11a8]
10:41:24.761 [Test worker] DEBUG o.s.t.w.s.TestDispatcherServlet - Null ModelAndView returned to DispatcherServlet with name '': assuming HandlerAdapter completed request handling
10:41:24.761 [Test worker] DEBUG o.s.t.w.s.TestDispatcherServlet - Successfully completed request
]]></system-out>
  <system-err><![CDATA[log4j:WARN No appenders could be found for logger (org.jboss.logging).
log4j:WARN Please initialize the log4j system properly.
log4j:WARN See http://logging.apache.org/log4j/1.2/faq.html#noconfig for more info.
]]></system-err>
</testsuite>
